[2022-11-17T06:39:53.024622+00:00] info.INFO: Quizmaker Processing Start [] []
[2022-11-17T06:39:53.030118+00:00] info.INFO: Processing Folder:  ["data/english"] []
[2022-11-17T06:39:53.030582+00:00] info.INFO: Processing File: ["data/english/fox.txt"] []
[2022-11-17T06:39:53.031189+00:00] info.INFO: Finished File [] []
[2022-11-17T06:39:53.031232+00:00] info.INFO: Processing File: ["data/english/proftext.txt"] []
[2022-11-17T06:39:53.033321+00:00] info.INFO: Finished File [] []
[2022-11-17T06:39:53.033365+00:00] info.INFO: Processing File: ["data/english/proftext2.txt"] []
[2022-11-17T06:39:53.040238+00:00] info.INFO: Finished File [] []
[2022-11-17T06:39:53.040368+00:00] info.INFO: Processing File: ["data/english/proftext3.txt"] []
[2022-11-17T06:39:53.087539+00:00] info.INFO: Finished File [] []
[2022-11-17T06:39:53.087625+00:00] info.INFO: Processing File: ["data/english/zebra.txt"] []
[2022-11-17T06:39:53.089406+00:00] info.INFO: Finished File [] []
[2022-11-17T06:39:53.141059+00:00] info.INFO: Finished Folder [] []
[2022-11-17T06:39:53.141142+00:00] info.INFO: Processing Folder:  ["data/novel"] []
[2022-11-17T06:39:53.141567+00:00] info.INFO: Processing File: ["data/novel/randomassarticle.txt"] []
[2022-11-17T06:39:53.149747+00:00] info.INFO: Finished File [] []
[2022-11-17T06:39:53.149836+00:00] info.INFO: Processing File: ["data/novel/redditcopypasta.txt"] []
[2022-11-17T06:39:53.157472+00:00] info.INFO: Finished File [] []
[2022-11-17T06:39:53.157550+00:00] info.INFO: Processing File: ["data/novel/romeoJuilet.txt"] []
[2022-11-17T06:39:53.159386+00:00] info.INFO: Finished File [] []
[2022-11-17T06:39:53.184602+00:00] info.INFO: Finished Folder [] []
